371 Начало подсчета диапазона с 2025-12-01 по 2025-12-07, obki: 6
200 Начало обработки диапазона дат: 2025-12-01 - 2025-12-07, obki: 6
211 Создание фабрики промиса для даты: 01.12.2025
211 Создание фабрики промиса для даты: 02.12.2025
211 Создание фабрики промиса для даты: 03.12.2025
211 Создание фабрики промиса для даты: 04.12.2025
211 Создание фабрики промиса для даты: 05.12.2025
211 Создание фабрики промиса для даты: 06.12.2025
211 Создание фабрики промиса для даты: 07.12.2025
218 Общее количество фабрик промисов для выполнения с ограничением: 7
221 Начало выполнения промисов с ограничением на 2 параллельных запроса...
91 Начало запроса для даты: 01.12.2025, obki: 6
103 Отправка запроса для даты: 01.12.2025, payload: search_platinum=&day=01&month=12&year=2025&obki_wr=6
91 Начало запроса для даты: 02.12.2025, obki: 6
103 Отправка запроса для даты: 02.12.2025, payload: search_platinum=&day=02&month=12&year=2025&obki_wr=6
116 Request to https://djoniohanter.com/smi.php for 01.12.2025 completed in 2353.80ms
118 Получен ответ для даты: 01.12.2025, статус: 200
126 Получен HTML-ответ для даты: 01.12.2025, длина: 28834
143 Завершение запроса для даты: 01.12.2025, результат: 695
91 Начало запроса для даты: 03.12.2025, obki: 6
103 Отправка запроса для даты: 03.12.2025, payload: search_platinum=&day=03&month=12&year=2025&obki_wr=6
116 Request to https://djoniohanter.com/smi.php for 02.12.2025 completed in 4417.70ms
118 Получен ответ для даты: 02.12.2025, статус: 200
126 Получен HTML-ответ для даты: 02.12.2025, длина: 28843
143 Завершение запроса для даты: 02.12.2025, результат: 735
91 Начало запроса для даты: 04.12.2025, obki: 6
103 Отправка запроса для даты: 04.12.2025, payload: search_platinum=&day=04&month=12&year=2025&obki_wr=6
116 Request to https://djoniohanter.com/smi.php for 03.12.2025 completed in 4203.20ms
118 Получен ответ для даты: 03.12.2025, статус: 200
126 Получен HTML-ответ для даты: 03.12.2025, длина: 30929
143 Завершение запроса для даты: 03.12.2025, результат: 1139
91 Начало запроса для даты: 05.12.2025, obki: 6
103 Отправка запроса для даты: 05.12.2025, payload: search_platinum=&day=05&month=12&year=2025&obki_wr=6
116 Request to https://djoniohanter.com/smi.php for 04.12.2025 completed in 4410.40ms
118 Получен ответ для даты: 04.12.2025, статус: 200
126 Получен HTML-ответ для даты: 04.12.2025, длина: 30948
143 Завершение запроса для даты: 04.12.2025, результат: 703
91 Начало запроса для даты: 06.12.2025, obki: 6
103 Отправка запроса для даты: 06.12.2025, payload: search_platinum=&day=06&month=12&year=2025&obki_wr=6
116 Request to https://djoniohanter.com/smi.php for 05.12.2025 completed in 4510.40ms
118 Получен ответ для даты: 05.12.2025, статус: 200
126 Получен HTML-ответ для даты: 05.12.2025, длина: 31185
143 Завершение запроса для даты: 05.12.2025, результат: 721
91 Начало запроса для даты: 07.12.2025, obki: 6
103 Отправка запроса для даты: 07.12.2025, payload: search_platinum=&day=07&month=12&year=2025&obki_wr=6
116 Request to https://djoniohanter.com/smi.php for 06.12.2025 completed in 4481.00ms
118 Получен ответ для даты: 06.12.2025, статус: 200
126 Получен HTML-ответ для даты: 06.12.2025, длина: 29443
143 Завершение запроса для даты: 06.12.2025, результат: 993
116 Request to https://djoniohanter.com/smi.php for 07.12.2025 completed in 4352.50ms
118 Получен ответ для даты: 07.12.2025, статус: 200
126 Получен HTML-ответ для даты: 07.12.2025, длина: 29444
143 Завершение запроса для даты: 07.12.2025, результат: 1289
223 Завершено выполнение всех промисов с ограничением
230 01.12.2025 (obki: 6): 695
230 02.12.2025 (obki: 6): 735
230 03.12.2025 (obki: 6): 1139
230 04.12.2025 (obki: 6): 703
230 05.12.2025 (obki: 6): 721
230 06.12.2025 (obki: 6): 993
230 07.12.2025 (obki: 6): 1289
235 ================================
236 ИТОГО за диапазон: 6275
237 ================================
379 Завершение подсчета диапазона, итоговый результат: 6275
