373 Начало подсчета диапазона с 2025-12-01 по 2025-12-07, obki: 8
197 Начало обработки диапазона дат: 2025-12-01 - 2025-12-07, obki: 8
208 Создание фабрики промиса для даты: 01.12.2025
208 Создание фабрики промиса для даты: 02.12.2025
208 Создание фабрики промиса для даты: 03.12.2025
208 Создание фабрики промиса для даты: 04.12.2025
208 Создание фабрики промиса для даты: 05.12.2025
208 Создание фабрики промиса для даты: 06.12.2025
208 Создание фабрики промиса для даты: 07.12.2025
215 Общее количество фабрик промисов для выполнения с ограничением: 7
218 Начало выполнения промисов с ограничением на 2 параллельных запроса...
91 Начало запроса для даты: 01.12.2025, obki: 8
103 Отправка запроса для даты: 01.12.2025, payload: search_platinum=&day=01&month=12&year=2025&obki_wr=8
91 Начало запроса для даты: 02.12.2025, obki: 8
103 Отправка запроса для даты: 02.12.2025, payload: search_platinum=&day=02&month=12&year=2025&obki_wr=8
116 Request to https://djoniohanter.com/smi.php for 02.12.2025 completed in 2402.80ms
118 Получен ответ для даты: 02.12.2025, статус: 200
126 Получен HTML-ответ для даты: 02.12.2025, длина: 30361
140 Завершение запроса для даты: 02.12.2025, результат: 381
91 Начало запроса для даты: 03.12.2025, obki: 8
103 Отправка запроса для даты: 03.12.2025, payload: search_platinum=&day=03&month=12&year=2025&obki_wr=8
116 Request to https://djoniohanter.com/smi.php for 01.12.2025 completed in 4601.00ms
118 Получен ответ для даты: 01.12.2025, статус: 200
126 Получен HTML-ответ для даты: 01.12.2025, длина: 28825
140 Завершение запроса для даты: 01.12.2025, результат: 378
91 Начало запроса для даты: 04.12.2025, obki: 8
103 Отправка запроса для даты: 04.12.2025, payload: search_platinum=&day=04&month=12&year=2025&obki_wr=8
116 Request to https://djoniohanter.com/smi.php for 03.12.2025 completed in 4407.80ms
118 Получен ответ для даты: 03.12.2025, статус: 200
126 Получен HTML-ответ для даты: 03.12.2025, длина: 31233
140 Завершение запроса для даты: 03.12.2025, результат: 811
91 Начало запроса для даты: 05.12.2025, obki: 8
103 Отправка запроса для даты: 05.12.2025, payload: search_platinum=&day=05&month=12&year=2025&obki_wr=8
116 Request to https://djoniohanter.com/smi.php for 04.12.2025 completed in 4390.10ms
118 Получен ответ для даты: 04.12.2025, статус: 200
126 Получен HTML-ответ для даты: 04.12.2025, длина: 31835
140 Завершение запроса для даты: 04.12.2025, результат: 589
91 Начало запроса для даты: 06.12.2025, obki: 8
103 Отправка запроса для даты: 06.12.2025, payload: search_platinum=&day=06&month=12&year=2025&obki_wr=8
116 Request to https://djoniohanter.com/smi.php for 05.12.2025 completed in 4346.00ms
118 Получен ответ для даты: 05.12.2025, статус: 200
126 Получен HTML-ответ для даты: 05.12.2025, длина: 33251
140 Завершение запроса для даты: 05.12.2025, результат: 726
91 Начало запроса для даты: 07.12.2025, obki: 8
103 Отправка запроса для даты: 07.12.2025, payload: search_platinum=&day=07&month=12&year=2025&obki_wr=8
116 Request to https://djoniohanter.com/smi.php for 06.12.2025 completed in 4305.50ms
118 Получен ответ для даты: 06.12.2025, статус: 200
126 Получен HTML-ответ для даты: 06.12.2025, длина: 33282
140 Завершение запроса для даты: 06.12.2025, результат: 673
116 Request to https://djoniohanter.com/smi.php for 07.12.2025 completed in 4335.20ms
118 Получен ответ для даты: 07.12.2025, статус: 200
126 Получен HTML-ответ для даты: 07.12.2025, длина: 31828
140 Завершение запроса для даты: 07.12.2025, результат: 824
220 Завершено выполнение всех промисов с ограничением
227 01.12.2025 (obki: 8): 381
227 02.12.2025 (obki: 8): 378
227 03.12.2025 (obki: 8): 811
227 04.12.2025 (obki: 8): 589
227 05.12.2025 (obki: 8): 726
227 06.12.2025 (obki: 8): 673
227 07.12.2025 (obki: 8): 824
232 ================================
233 ИТОГО за диапазон: 4382
234 ================================
381 Завершение подсчета диапазона, итоговый результат: 4382
